17:45:05: Creating resource group General
17:45:05: Creating resource group Internal
17:45:05: Creating resource group Autodetect
17:45:05: Registering ResourceManager for type Mesh
17:45:05: Registering ResourceManager for type Material
17:45:05: Registering ResourceManager for type Skeleton
17:45:05: XMLSkeletonSerializer: reading XML data from rush.skeleton.xml...
17:45:05: XMLSkeletonSerializer: Reading Bones name...
17:45:05: XMLSkeletonSerializer: Reading Hierarchy data...
17:45:05: XMLSkeletonSerializer: Reading Bones data...
17:45:05: XMLSkeletonSerializer: Reading Animations data...
17:45:05: Animation: nom: rush.bvh et longueur: 4.26662
17:45:05: XMLSkeletonSerializer: Finished. Running SkeletonSerializer...
17:45:05: Exporting bones..
17:45:05: Bones exported.
17:45:05: Exporting animations, count=1
17:45:05: Exporting animation: rush.bvh
17:45:05: Animation exported.
17:45:05: Unregistering ResourceManager for type Skeleton
17:45:05: Unregistering ResourceManager for type Material
17:45:05: Unregistering ResourceManager for type Mesh
